[2023-05-23 14:43:34,937] root - INFO - printing dict data : {'database_name': 'online_retail', 'collection_name': 'online_retail', 'data_ingestion_dir': '/home/vinod/projects/retail_transaction_pred/artifacts/data_ingestion', 'feature_store_path': '/home/vinod/projects/retail_transaction_pred/Online Retail.csv', 'train_file_path': '/home/vinod/projects/retail_transaction_pred/artifacts/data_ingestion/data_split/train.csv', 'test_file_path': '/home/vinod/projects/retail_transaction_pred/artifacts/data_ingestion/data_split/test.csv'}
[2023-05-23 14:43:34,937] root - INFO - Starting data ingestion
[2023-05-23 14:43:34,937] root - INFO - Reading data from mongoDB
[2023-05-23 15:06:43,797] root - INFO - Found data shape : (541909, 9)
[2023-05-23 15:06:43,894] root - INFO - Found _id and dropped
[2023-05-23 15:06:43,894] root - INFO - data shape : (541909, 8)
[2023-05-23 15:06:43,894] root - INFO - got data from mongodb
[2023-05-23 15:06:43,894] root - INFO - creating feature store dir
[2023-05-23 15:06:43,894] root - INFO - storing into feature store dir
[2023-05-23 15:06:45,781] root - INFO - spliting data into train and test
[2023-05-23 15:06:46,119] root - INFO - create dataset_dir if not exist
[2023-05-23 15:06:46,119] root - INFO - save dataset to feature store after split
[2023-05-23 15:06:48,156] root - INFO - data validation started :
[2023-05-23 15:06:50,481] root - INFO - ____________________dropping null values, axis=0_________________________
[2023-05-23 15:06:50,482] root - INFO - dropping null values in base_df, axsi-0 and df shape is : (541909, 8)
[2023-05-23 15:06:50,672] root - INFO - now shape of df : (540455, 8)
[2023-05-23 15:06:50,672] root - INFO - columns : Index(['InvoiceNo', 'StockCode', 'Description', 'Quantity', 'InvoiceDate',
       'UnitPrice', 'CustomerID', 'Country'],
      dtype='object')
[2023-05-23 15:06:50,676] root - INFO - dropping null values in train and test df, axis-0
[2023-05-23 15:06:50,824] root - INFO - now shape of df : (405357, 8)
[2023-05-23 15:06:50,824] root - INFO - columns : Index(['InvoiceNo', 'StockCode', 'Description', 'Quantity', 'InvoiceDate',
       'UnitPrice', 'CustomerID', 'Country'],
      dtype='object')
[2023-05-23 15:06:50,881] root - INFO - now shape of df : (135098, 8)
[2023-05-23 15:06:50,882] root - INFO - columns : Index(['InvoiceNo', 'StockCode', 'Description', 'Quantity', 'InvoiceDate',
       'UnitPrice', 'CustomerID', 'Country'],
      dtype='object')
[2023-05-23 15:06:50,884] root - INFO - dropped null values, axis=0 train_df .shape = (405357, 8) , test_df.shape = (135098, 8)
[2023-05-23 15:06:50,884] root - INFO - ____________________dropping unwanted cols, axis=1_________________________
[2023-05-23 15:06:50,884] root - INFO - dropping null values in base_df, axsi-0 and df shape is : (540455, 8)
[2023-05-23 15:06:50,884] root - INFO - found unwanted columns: ['InvoiceNo', 'StockCode', 'CustomerID']
[2023-05-23 15:06:50,893] root - INFO - dropped unwanted columns: ['InvoiceNo', 'StockCode', 'CustomerID']
[2023-05-23 15:06:50,893] root - INFO - data shape: (540455, 5)
[2023-05-23 15:06:50,898] root - INFO - dropping null values in train and test df, axis-0
[2023-05-23 15:06:50,898] root - INFO - found unwanted columns: ['InvoiceNo', 'StockCode', 'CustomerID']
[2023-05-23 15:06:50,907] root - INFO - dropped unwanted columns: ['InvoiceNo', 'StockCode', 'CustomerID']
[2023-05-23 15:06:50,908] root - INFO - data shape: (405357, 5)
[2023-05-23 15:06:50,919] root - INFO - found unwanted columns: ['InvoiceNo', 'StockCode', 'CustomerID']
[2023-05-23 15:06:50,923] root - INFO - dropped unwanted columns: ['InvoiceNo', 'StockCode', 'CustomerID']
[2023-05-23 15:06:50,923] root - INFO - data shape: (135098, 5)
[2023-05-23 15:06:50,926] root - INFO - dropped unwanted cols in train and test train_df .shape = (405357, 5) , test_df.shape = (135098, 5)
[2023-05-23 15:06:50,926] root - INFO - ____________________dropping rows on condition(outliers), axis=1_________________________
[2023-05-23 15:06:50,926] root - INFO - dropping rows on condition in base_df and df shape is : (540455, 5)
[2023-05-23 15:06:50,930] root - INFO - total values <1 and >40 in Quantity column is : (29218, 5)
[2023-05-23 15:06:50,961] root - INFO - dropped Quantity <1 and >40
[2023-05-23 15:06:50,969] root - INFO - total values <1 and >30 in Quantity column is : (104469, 5)
[2023-05-23 15:06:51,011] root - INFO - dropped UnitPrice <1 and >30
[2023-05-23 15:06:51,013] root - INFO - converted UnitPrice dtype into 'int' after dropping <1 and >30 values
[2023-05-23 15:06:51,043] root - INFO -  Total 'Country' values_count less than 500 : (24,)
[2023-05-23 15:06:51,043] root - INFO - Dropping country value_counts <500
[2023-05-23 15:06:51,079] root - INFO - Dropped country value_counts <500
[2023-05-23 15:06:51,079] root - INFO - strip Description
[2023-05-23 15:06:51,182] root - INFO -  Total 'Description' values_count < 300 : 299
[2023-05-23 15:06:51,182] root - INFO - Dropping Description value_counts <300
[2023-05-23 15:06:51,228] root - INFO - after dropping some rows df shape : (403408, 5)
[2023-05-23 15:06:51,235] root - INFO - data frame :                            Description  Quantity          InvoiceDate  UnitPrice         Country
0   WHITE HANGING HEART T-LIGHT HOLDER         6  2010-12-01 08:26:00          2  United Kingdom
1                  WHITE METAL LANTERN         6  2010-12-01 08:26:00          3  United Kingdom
2       CREAM CUPID HEARTS COAT HANGER         8  2010-12-01 08:26:00          2  United Kingdom
3  KNITTED UNION FLAG HOT WATER BOTTLE         6  2010-12-01 08:26:00          3  United Kingdom
4       RED WOOLLY HOTTIE WHITE HEART.         6  2010-12-01 08:26:00          3  United Kingdom
[2023-05-23 15:06:51,240] root - INFO - dropped null values in base_df
[2023-05-23 15:06:51,240] root - INFO - dropping rows on condition in train and test data
[2023-05-23 15:06:51,244] root - INFO - total values <1 and >40 in Quantity column is : (21987, 5)
[2023-05-23 15:06:51,265] root - INFO - dropped Quantity <1 and >40
[2023-05-23 15:06:51,271] root - INFO - total values <1 and >30 in Quantity column is : (78221, 5)
[2023-05-23 15:06:51,303] root - INFO - dropped UnitPrice <1 and >30
[2023-05-23 15:06:51,304] root - INFO - converted UnitPrice dtype into 'int' after dropping <1 and >30 values
[2023-05-23 15:06:51,328] root - INFO -  Total 'Country' values_count less than 500 : (28,)
[2023-05-23 15:06:51,328] root - INFO - Dropping country value_counts <500
[2023-05-23 15:06:51,352] root - INFO - Dropped country value_counts <500
[2023-05-23 15:06:51,352] root - INFO - strip Description
[2023-05-23 15:06:51,431] root - INFO -  Total 'Description' values_count < 300 : 299
[2023-05-23 15:06:51,432] root - INFO - Dropping Description value_counts <300
[2023-05-23 15:06:51,455] root - INFO - after dropping some rows df shape : (300891, 5)
[2023-05-23 15:06:51,459] root - INFO - data frame :                       Description  Quantity          InvoiceDate  UnitPrice         Country
0      HOME SWEET HOME METAL SIGN        12  2011-04-28 10:20:00          2  United Kingdom
2  FRENCH BLUE METAL DOOR SIGN No         2  2011-11-08 15:24:00          2  United Kingdom
3           WALL ART CAT AND BIRD         2  2011-11-09 16:14:00          5  United Kingdom
5         PINK/PURPLE RETRO RADIO         2  2011-01-20 18:01:00          2  United Kingdom
6       12 DAISY PEGS IN WOOD BOX        24  2011-01-23 12:08:00          1  United Kingdom
[2023-05-23 15:06:51,466] root - INFO - total values <1 and >40 in Quantity column is : (7231, 5)
[2023-05-23 15:06:51,472] root - INFO - dropped Quantity <1 and >40
[2023-05-23 15:06:51,475] root - INFO - total values <1 and >30 in Quantity column is : (26248, 5)
[2023-05-23 15:06:51,484] root - INFO - dropped UnitPrice <1 and >30
[2023-05-23 15:06:51,485] root - INFO - converted UnitPrice dtype into 'int' after dropping <1 and >30 values
[2023-05-23 15:06:51,494] root - INFO -  Total 'Country' values_count less than 500 : (34,)
[2023-05-23 15:06:51,494] root - INFO - Dropping country value_counts <500
[2023-05-23 15:06:51,506] root - INFO - Dropped country value_counts <500
[2023-05-23 15:06:51,506] root - INFO - strip Description
[2023-05-23 15:06:51,538] root - INFO -  Total 'Description' values_count < 300 : 292
[2023-05-23 15:06:51,538] root - INFO - Dropping Description value_counts <300
[2023-05-23 15:06:51,548] root - INFO - after dropping some rows df shape : (98357, 5)
[2023-05-23 15:06:51,552] root - INFO - data frame :                            Description  Quantity          InvoiceDate  UnitPrice         Country
0    T-LIGHT HOLDER SWEETHEART HANGING         8  2011-03-16 10:17:00          1  United Kingdom
1         3D DOG PICTURE PLAYING CARDS         2  2011-03-22 12:25:00          2  United Kingdom
2  CERAMIC HEART FAIRY CAKE MONEY BANK         4  2011-10-31 10:17:00          4  United Kingdom
3          JIGSAW RABBIT AND BIRDHOUSE         1  2011-04-27 17:18:00          3  United Kingdom
4         T-LIGHT GLASS FLUTED ANTIQUE         4  2010-12-01 17:06:00          2  United Kingdom
[2023-05-23 15:06:51,554] root - INFO - dropped rows on condition in train and test df train_df .shape = (300891, 5) , test_df.shape = (98357, 5)
[2023-05-23 15:06:51,554] root - INFO - Writting reprt in yaml file
[2023-05-23 15:06:51,555] root - INFO - report written into report.yaml
[2023-05-23 15:06:51,555] root - INFO - storing validation base_df into data validation artifacts
[2023-05-23 15:06:52,197] root - INFO - storing validation train data into data validation artifacts
[2023-05-23 15:06:52,680] root - INFO - storing validation test data into data validation artifacts
[2023-05-23 15:06:52,882] root - INFO - data validation is almost done
[2023-05-23 15:06:52,883] root - INFO - returning data_validation_artifact
[2023-05-23 15:06:52,895] root - INFO - ...................Starting data transfomration ..................
[2023-05-23 15:06:52,895] root - INFO - reading data from valid_feature_store_file...
[2023-05-23 15:06:53,097] root - INFO - reading data from valid_train_file.....
[2023-05-23 15:06:53,271] root - INFO - reading data from valid_test_file.....
[2023-05-23 15:06:53,335] root - INFO - .........handling InvoiceDate column in base_df...........
[2023-05-23 15:06:53,335] root - INFO - df[InvoiceDate] dtype != datetime, converting into datetime
[2023-05-23 15:06:53,371] root - INFO - creating columns Day, Month and Year(from 2000) from InvoiceDate
[2023-05-23 15:06:53,416] root - INFO - Created new columns Day, Month and year and dropped column InvoiceDate
[2023-05-23 15:06:53,420] root - INFO - handling InvoiceDate in train and test data
[2023-05-23 15:06:53,421] root - INFO - df[InvoiceDate] dtype != datetime, converting into datetime
[2023-05-23 15:06:53,480] root - INFO - creating columns Day, Month and Year(from 2000) from InvoiceDate
[2023-05-23 15:06:53,529] root - INFO - Created new columns Day, Month and year and dropped column InvoiceDate
[2023-05-23 15:06:53,531] root - INFO - df[InvoiceDate] dtype != datetime, converting into datetime
[2023-05-23 15:06:53,552] root - INFO - creating columns Day, Month and Year(from 2000) from InvoiceDate
[2023-05-23 15:06:53,571] root - INFO - Created new columns Day, Month and year and dropped column InvoiceDate
[2023-05-23 15:06:53,573] root - INFO - handled InvoiceDate.......
[2023-05-23 15:06:53,573] root - INFO - ......................................................................base_df shape ..................................(403408, 7)
[2023-05-23 15:06:53,573] root - INFO - ......................................................................train_df shape ..................................(300891, 7)
[2023-05-23 15:06:53,573] root - INFO - ......................................................................test_df shape ..................................(98357, 7)
[2023-05-23 15:06:53,579] root - INFO - columns =                            Description  Quantity  UnitPrice         Country  Day  Month  Year
0   WHITE HANGING HEART T-LIGHT HOLDER         6          2  United Kingdom    1     12    10
1                  WHITE METAL LANTERN         6          3  United Kingdom    1     12    10
2       CREAM CUPID HEARTS COAT HANGER         8          2  United Kingdom    1     12    10
3  KNITTED UNION FLAG HOT WATER BOTTLE         6          3  United Kingdom    1     12    10
4       RED WOOLLY HOTTIE WHITE HEART.         6          3  United Kingdom    1     12    10
[2023-05-23 15:06:53,579] root - INFO - .........simple imputer in base_df...........
[2023-05-23 15:06:53,612] root - INFO - handling simple imputer in train and test data
[2023-05-23 15:06:53,647] root - INFO - handled simple imputer.......
[2023-05-23 15:06:53,647] root - INFO - .........encoding objects column in base_df...........
