[2023-05-25 09:08:09,995] root - INFO - printing dict data : {'database_name': 'online_retail', 'collection_name': 'online_retail', 'data_ingestion_dir': '/home/vinod/projects/retail_transaction_pred/artifacts/data_ingestion', 'feature_store_path': '/home/vinod/projects/retail_transaction_pred/Online Retail.csv'}
[2023-05-25 09:08:09,995] root - INFO - Starting data ingestion
[2023-05-25 09:08:10,517] root - INFO - got data from mongodb
[2023-05-25 09:08:10,517] root - INFO - creating feature store dir
[2023-05-25 09:08:10,518] root - INFO - storing into feature store dir
[2023-05-25 09:08:12,299] root - INFO - data validation started........
[2023-05-25 09:08:12,708] root - INFO - dropping null values in base_df, axsi-0 and df shape is : (541909, 8)
[2023-05-25 09:08:12,898] root - INFO - now shape of df : (540455, 8)
[2023-05-25 09:08:12,899] root - INFO - columns : Index(['InvoiceNo', 'StockCode', 'Description', 'Quantity', 'InvoiceDate',
       'UnitPrice', 'CustomerID', 'Country'],
      dtype='object')
[2023-05-25 09:08:12,903] root - INFO - ____________________dropping unwanted cols, axis=1_________________________
[2023-05-25 09:08:12,903] root - INFO - dropping null values in base_df, axsi-0 and df shape is : (540455, 8)
[2023-05-25 09:08:12,903] root - INFO - found unwanted columns: ['InvoiceNo', 'StockCode', 'CustomerID']
[2023-05-25 09:08:12,912] root - INFO - dropped unwanted columns: ['InvoiceNo', 'StockCode', 'CustomerID']
[2023-05-25 09:08:12,912] root - INFO - data shape: (540455, 5)
[2023-05-25 09:08:12,917] root - INFO - ____________________dropping rows on condition(outliers), axis=1_________________________
[2023-05-25 09:08:12,917] root - INFO - dropping rows on condition in base_df and df shape is : (540455, 5)
[2023-05-25 09:08:13,246] root - INFO - dropped null values in base_df
[2023-05-25 09:08:13,246] root - INFO - Writting reprt in yaml file
[2023-05-25 09:08:13,247] root - INFO - report written into report.yaml
[2023-05-25 09:08:13,247] root - INFO - storing validation base_df into data validation artifacts
[2023-05-25 09:08:13,570] root - INFO - data validation is almost done
[2023-05-25 09:08:13,570] root - INFO - returning data_validation_artifact
[2023-05-25 09:08:13,573] root - INFO - ...................Starting data transfomration ..................
[2023-05-25 09:08:13,573] root - INFO - reading data from valid_feature_store_file...
[2023-05-25 09:08:13,686] root - INFO - handling InvoiceDate column in base_df
[2023-05-25 09:08:13,697] root - INFO - df[InvoiceDate] dtype != datetime, converting into datetime in                                 Description  Quantity          InvoiceDate  UnitPrice         Country
0        WHITE HANGING HEART T-LIGHT HOLDER         6  2010-12-01 08:26:00          2  United Kingdom
1                       WHITE METAL LANTERN         6  2010-12-01 08:26:00          3  United Kingdom
2       KNITTED UNION FLAG HOT WATER BOTTLE         6  2010-12-01 08:26:00          3  United Kingdom
3            RED WOOLLY HOTTIE WHITE HEART.         6  2010-12-01 08:26:00          3  United Kingdom
4              SET 7 BABUSHKA NESTING BOXES         2  2010-12-01 08:26:00          7  United Kingdom
...                                     ...       ...                  ...        ...             ...
202336           ALARM CLOCK BAKELIKE IVORY         4  2011-12-09 12:50:00          3          France
202337      CHILDRENS APRON SPACEBOY DESIGN         8  2011-12-09 12:50:00          1          France
202338                   SPACEBOY LUNCH BOX        12  2011-12-09 12:50:00          1          France
202339           CHILDRENS CUTLERY SPACEBOY         4  2011-12-09 12:50:00          4          France
202340         BAKING SET 9 PIECE RETROSPOT         3  2011-12-09 12:50:00          4          France

[202341 rows x 5 columns]
[2023-05-25 09:08:13,765] root - INFO - Created new columns Day, Month and year and dropped column InvoiceDate in                                 Description  Quantity  UnitPrice         Country  Day  Month  Year
0        WHITE HANGING HEART T-LIGHT HOLDER         6          2  United Kingdom    1     12    10
1                       WHITE METAL LANTERN         6          3  United Kingdom    1     12    10
2       KNITTED UNION FLAG HOT WATER BOTTLE         6          3  United Kingdom    1     12    10
3            RED WOOLLY HOTTIE WHITE HEART.         6          3  United Kingdom    1     12    10
4              SET 7 BABUSHKA NESTING BOXES         2          7  United Kingdom    1     12    10
...                                     ...       ...        ...             ...  ...    ...   ...
202336           ALARM CLOCK BAKELIKE IVORY         4          3          France    9     12    11
202337      CHILDRENS APRON SPACEBOY DESIGN         8          1          France    9     12    11
202338                   SPACEBOY LUNCH BOX        12          1          France    9     12    11
202339           CHILDRENS CUTLERY SPACEBOY         4          4          France    9     12    11
202340         BAKING SET 9 PIECE RETROSPOT         3          4          France    9     12    11

[202341 rows x 7 columns]
[2023-05-25 09:08:13,769] root - INFO - .simple imputer in base_df..
[2023-05-25 09:08:13,791] root - INFO - .........encoding objects column in base_df...........
[2023-05-25 09:08:14,384] root - INFO - .........converting column.dtypes into int in base_df...........
[2023-05-25 09:08:14,388] root - INFO -  ....... creating target columns .............
[2023-05-25 09:08:14,389] root - INFO - .......base_df shape ...(202341, 219)
[2023-05-25 09:08:14,389] root - INFO - data transformation is almost done.......
[2023-05-25 09:08:14,389] root - INFO - saving transformed data into data_transformation artifacts
[2023-05-25 09:08:17,737] root - INFO - saved transfomred base_df into data_transformation artifacts 
[2023-05-25 09:08:17,737] root - INFO - splitting data into train and test.....: 
[2023-05-25 09:08:17,943] root - INFO - base_df shape is : (202341, 219)
[2023-05-25 09:08:21,189] root - INFO - returning data transformatin artifact
[2023-05-25 09:08:21,191] root - INFO - Reading train and test data from data_transformation artifacts...
[2023-05-25 09:08:21,191] root - INFO - splitting train and test data into x_train, x_test and y_train, y_test ...
