[2023-05-25 08:42:06,614] root - INFO - printing dict data : {'database_name': 'online_retail', 'collection_name': 'online_retail', 'data_ingestion_dir': '/home/vinod/projects/retail_transaction_pred/artifacts/data_ingestion', 'feature_store_path': '/home/vinod/projects/retail_transaction_pred/Online Retail.csv'}
[2023-05-25 08:42:06,614] root - INFO - Starting data ingestion
[2023-05-25 08:42:07,067] root - INFO - got data from mongodb
[2023-05-25 08:42:07,067] root - INFO - creating feature store dir
[2023-05-25 08:42:07,068] root - INFO - storing into feature store dir
[2023-05-25 08:42:08,688] root - INFO - data validation started........
[2023-05-25 08:42:09,101] root - INFO - dropping null values in base_df, axsi-0 and df shape is : (541909, 8)
[2023-05-25 08:42:09,292] root - INFO - now shape of df : (540455, 8)
[2023-05-25 08:42:09,293] root - INFO - columns : Index(['InvoiceNo', 'StockCode', 'Description', 'Quantity', 'InvoiceDate',
       'UnitPrice', 'CustomerID', 'Country'],
      dtype='object')
[2023-05-25 08:42:09,297] root - INFO - ____________________dropping unwanted cols, axis=1_________________________
[2023-05-25 08:42:09,297] root - INFO - dropping null values in base_df, axsi-0 and df shape is : (540455, 8)
[2023-05-25 08:42:09,297] root - INFO - found unwanted columns: ['InvoiceNo', 'StockCode', 'CustomerID']
[2023-05-25 08:42:09,306] root - INFO - dropped unwanted columns: ['InvoiceNo', 'StockCode', 'CustomerID']
[2023-05-25 08:42:09,306] root - INFO - data shape: (540455, 5)
[2023-05-25 08:42:09,311] root - INFO - ____________________dropping rows on condition(outliers), axis=1_________________________
[2023-05-25 08:42:09,311] root - INFO - dropping rows on condition in base_df and df shape is : (540455, 5)
[2023-05-25 08:42:09,583] root - INFO - dropped null values in base_df
[2023-05-25 08:42:09,583] root - INFO - Writting reprt in yaml file
[2023-05-25 08:42:09,584] root - INFO - report written into report.yaml
[2023-05-25 08:42:09,584] root - INFO - storing validation base_df into data validation artifacts
[2023-05-25 08:42:09,884] root - INFO - data validation is almost done
[2023-05-25 08:42:09,884] root - INFO - returning data_validation_artifact
[2023-05-25 08:42:09,889] root - INFO - ...................Starting data transfomration ..................
[2023-05-25 08:42:09,889] root - INFO - reading data from valid_feature_store_file...
[2023-05-25 08:42:09,991] root - INFO - handling InvoiceDate column in base_df
[2023-05-25 08:42:09,997] root - INFO - df[InvoiceDate] dtype != datetime, converting into datetime in                                 Description  Quantity          InvoiceDate  UnitPrice         Country
0        WHITE HANGING HEART T-LIGHT HOLDER         6  2010-12-01 08:26:00          2  United Kingdom
1                       WHITE METAL LANTERN         6  2010-12-01 08:26:00          3  United Kingdom
2       KNITTED UNION FLAG HOT WATER BOTTLE         6  2010-12-01 08:26:00          3  United Kingdom
3            RED WOOLLY HOTTIE WHITE HEART.         6  2010-12-01 08:26:00          3  United Kingdom
4              SET 7 BABUSHKA NESTING BOXES         2  2010-12-01 08:26:00          7  United Kingdom
...                                     ...       ...                  ...        ...             ...
202336           ALARM CLOCK BAKELIKE IVORY         4  2011-12-09 12:50:00          3          France
202337      CHILDRENS APRON SPACEBOY DESIGN         8  2011-12-09 12:50:00          1          France
202338                   SPACEBOY LUNCH BOX        12  2011-12-09 12:50:00          1          France
202339           CHILDRENS CUTLERY SPACEBOY         4  2011-12-09 12:50:00          4          France
202340         BAKING SET 9 PIECE RETROSPOT         3  2011-12-09 12:50:00          4          France

[202341 rows x 5 columns]
[2023-05-25 08:42:10,047] root - INFO - Created new columns Day, Month and year and dropped column InvoiceDate in                                 Description  Quantity  UnitPrice         Country  Day  Month  Year
0        WHITE HANGING HEART T-LIGHT HOLDER         6          2  United Kingdom    1     12    10
1                       WHITE METAL LANTERN         6          3  United Kingdom    1     12    10
2       KNITTED UNION FLAG HOT WATER BOTTLE         6          3  United Kingdom    1     12    10
3            RED WOOLLY HOTTIE WHITE HEART.         6          3  United Kingdom    1     12    10
4              SET 7 BABUSHKA NESTING BOXES         2          7  United Kingdom    1     12    10
...                                     ...       ...        ...             ...  ...    ...   ...
202336           ALARM CLOCK BAKELIKE IVORY         4          3          France    9     12    11
202337      CHILDRENS APRON SPACEBOY DESIGN         8          1          France    9     12    11
202338                   SPACEBOY LUNCH BOX        12          1          France    9     12    11
202339           CHILDRENS CUTLERY SPACEBOY         4          4          France    9     12    11
202340         BAKING SET 9 PIECE RETROSPOT         3          4          France    9     12    11

[202341 rows x 7 columns]
[2023-05-25 08:42:10,048] root - INFO - .simple imputer in base_df..
[2023-05-25 08:42:10,064] root - INFO - .........encoding objects column in base_df...........
[2023-05-25 08:42:10,619] root - INFO - .........converting column.dtypes into int in base_df...........
[2023-05-25 08:42:10,623] root - INFO -  ....... creating target columns .............
[2023-05-25 08:42:10,624] root - INFO - .......base_df shape ...(202341, 219)
[2023-05-25 08:42:10,624] root - INFO - data transformation is almost done.......
[2023-05-25 08:42:10,624] root - INFO - saving transformed data into data_transformation artifacts
[2023-05-25 08:42:14,098] root - INFO - saved transfomred base_df into data_transformation artifacts 
[2023-05-25 08:42:14,098] root - INFO - base_df shape is : (202341, 219)
[2023-05-25 08:42:14,098] root - INFO - returning data transformatin artifact
[2023-05-25 08:42:14,099] root - INFO - Reading traina nd test data from data_transformation artifacts...
[2023-05-25 08:42:15,238] root - INFO - Splitting data into input and output features (x,y)...
[2023-05-25 08:42:15,310] root - INFO - splitting train and test data into x_train, x_test and y_train, y_test ...
[2023-05-25 08:42:15,530] root - INFO - X_train shape is : (151755, 218)
[2023-05-25 08:42:15,531] root - INFO - x_test shape is : (50586, 218)
[2023-05-25 08:42:15,531] root - INFO - ready to fit tdata to model...
[2023-05-25 08:42:16,514] root - INFO - data fitted to model...
[2023-05-25 08:42:16,535] root - INFO - predicted for x_test : 0.9967126597661246
[2023-05-25 08:42:16,607] root - INFO - predicted for x_train : 1.0
[2023-05-25 08:42:16,678] root - INFO - predicted mse for x_train : 0.0
[2023-05-25 08:42:16,698] root - INFO - predicted mse for x_test : 1.4638437512355198
[2023-05-25 08:42:16,773] root - INFO - predicted for mae x_train : 0.0
[2023-05-25 08:42:16,793] root - INFO - predicted for  mae x_test : 0.029019886925236233
[2023-05-25 08:42:16,864] root - INFO - predicted rmse for x_train : 0.0
[2023-05-25 08:42:16,884] root - INFO - predicted for x_test : 1.209894107447226
[2023-05-25 08:42:16,884] root - INFO - calculating absolute diff between r2_train_score and r2_test_score, :  0.0032873402338754465
[2023-05-25 08:42:16,884] root - INFO - observing model performance whether is underfitted or overfitted...
[2023-05-25 08:42:16,884] root - INFO - save the model as a dill(pickle) file....
[2023-05-25 08:42:16,887] root - INFO - model_evaluation_artifact : ModelEvaluationArtifact(model_eccepted=True, improved_accuracy=None)
