[2023-05-22 18:55:40,288] root - INFO - printing dict data : {'database_name': 'online_retail', 'collection_name': 'online_retail', 'data_ingestion_dir': '/home/vinod/projects/retail_transaction_pred/artifacts/data_ingestion', 'feature_store_path': '/home/vinod/projects/retail_transaction_pred/Online Retail.csv', 'train_file_path': '/home/vinod/projects/retail_transaction_pred/artifacts/data_ingestion/data_split/train.csv', 'test_file_path': '/home/vinod/projects/retail_transaction_pred/artifacts/data_ingestion/data_split/test.csv'}
[2023-05-22 18:55:40,289] root - INFO - Starting data ingestion
[2023-05-22 18:55:40,289] root - INFO - Reading data from mongoDB
[2023-05-22 19:00:00,718] root - INFO - Found data shape : (541909, 9)
[2023-05-22 19:00:00,810] root - INFO - Found _id and dropped
[2023-05-22 19:00:00,810] root - INFO - data shape : (541909, 8)
[2023-05-22 19:00:00,810] root - INFO - got data from mongodb
[2023-05-22 19:00:00,810] root - INFO - creating feature store dir
[2023-05-22 19:00:00,810] root - INFO - storing into feature store dir
[2023-05-22 19:00:02,304] root - INFO - spliting data into train and test
[2023-05-22 19:00:02,674] root - INFO - create dataset_dir if not exist
[2023-05-22 19:00:02,674] root - INFO - save dataset to feature store after split
[2023-05-22 19:00:04,906] root - INFO - data validation started :
[2023-05-22 19:00:04,906] root - INFO - ____________________dropping null values, axis=1_________________________
[2023-05-22 19:00:05,782] root - INFO - dropping null values in base_df, axis=1
[2023-05-22 19:00:05,857] root - INFO - now shape of df : (541909, 8)
[2023-05-22 19:00:05,857] root - INFO - now shape of df : (541909, 8)
[2023-05-22 19:00:05,857] root - INFO - columns : Index(['InvoiceNo', 'StockCode', 'Description', 'Quantity', 'InvoiceDate',
       'UnitPrice', 'CustomerID', 'Country'],
      dtype='object')
[2023-05-22 19:00:05,863] root - INFO - dropped null values in base_df and df shape is : (541909, 8)
[2023-05-22 19:00:05,863] root - INFO - dropping null values in train and test data,axis-1
[2023-05-22 19:00:05,935] root - INFO - now shape of df : (406431, 8)
[2023-05-22 19:00:05,935] root - INFO - now shape of df : (406431, 8)
[2023-05-22 19:00:05,936] root - INFO - columns : Index(['InvoiceNo', 'StockCode', 'Description', 'Quantity', 'InvoiceDate',
       'UnitPrice', 'CustomerID', 'Country'],
      dtype='object')
[2023-05-22 19:00:05,961] root - INFO - now shape of df : (135478, 8)
[2023-05-22 19:00:05,961] root - INFO - now shape of df : (135478, 8)
[2023-05-22 19:00:05,961] root - INFO - columns : Index(['InvoiceNo', 'StockCode', 'Description', 'Quantity', 'InvoiceDate',
       'UnitPrice', 'CustomerID', 'Country'],
      dtype='object')
[2023-05-22 19:00:05,963] root - INFO - dropped null val ues in train and test df: train_df .shape = (406431, 8) , test_df.shape = (135478, 8)
[2023-05-22 19:00:05,963] root - INFO - ____________________dropping null values, axis=0_________________________
[2023-05-22 19:00:05,963] root - INFO - dropping null values in base_df, axsi-0 and df shape is : (541909, 8)
[2023-05-22 19:00:06,210] root - INFO - now shape of df : (540455, 8)
[2023-05-22 19:00:06,211] root - INFO - columns : Index(['InvoiceNo', 'StockCode', 'Description', 'Quantity', 'InvoiceDate',
       'UnitPrice', 'CustomerID', 'Country'],
      dtype='object')
[2023-05-22 19:00:06,215] root - INFO - dropping null values in train and test df, axis-0
[2023-05-22 19:00:06,426] root - INFO - now shape of df : (405357, 8)
[2023-05-22 19:00:06,427] root - INFO - columns : Index(['InvoiceNo', 'StockCode', 'Description', 'Quantity', 'InvoiceDate',
       'UnitPrice', 'CustomerID', 'Country'],
      dtype='object')
[2023-05-22 19:00:06,501] root - INFO - now shape of df : (135098, 8)
[2023-05-22 19:00:06,502] root - INFO - columns : Index(['InvoiceNo', 'StockCode', 'Description', 'Quantity', 'InvoiceDate',
       'UnitPrice', 'CustomerID', 'Country'],
      dtype='object')
[2023-05-22 19:00:06,503] root - INFO - dropped null values, axis=0 train_df .shape = (405357, 8) , test_df.shape = (135098, 8)
[2023-05-22 19:00:06,503] root - INFO - ____________________dropping unwanted cols, axis=1_________________________
[2023-05-22 19:00:06,503] root - INFO - dropping null values in base_df, axsi-0 and df shape is : (540455, 8)
[2023-05-22 19:00:06,504] root - INFO - found unwanted columns: ['InvoiceNo', 'StockCode', 'CustomerID']
[2023-05-22 19:00:06,515] root - INFO - dropped unwanted columns: ['InvoiceNo', 'StockCode', 'CustomerID']
[2023-05-22 19:00:06,516] root - INFO - data shape: (540455, 5)
[2023-05-22 19:00:06,525] root - INFO - dropping null values in train and test df, axis-0
[2023-05-22 19:00:06,525] root - INFO - found unwanted columns: ['InvoiceNo', 'StockCode', 'CustomerID']
[2023-05-22 19:00:06,536] root - INFO - dropped unwanted columns: ['InvoiceNo', 'StockCode', 'CustomerID']
[2023-05-22 19:00:06,536] root - INFO - data shape: (405357, 5)
[2023-05-22 19:00:06,543] root - INFO - found unwanted columns: ['InvoiceNo', 'StockCode', 'CustomerID']
[2023-05-22 19:00:06,549] root - INFO - dropped unwanted columns: ['InvoiceNo', 'StockCode', 'CustomerID']
[2023-05-22 19:00:06,549] root - INFO - data shape: (135098, 5)
[2023-05-22 19:00:06,551] root - INFO - dropped unwanted cols in train and test train_df .shape = (405357, 5) , test_df.shape = (135098, 5)
[2023-05-22 19:00:06,552] root - INFO - ____________________dropping rows on condition(outliers), axis=1_________________________
[2023-05-22 19:00:06,552] root - INFO - dropping rows on condition in base_df and df shape is : (540455, 5)
[2023-05-22 19:00:06,557] root - INFO - total values <1 and >40 in Quantity column is : (29218, 5)
[2023-05-22 19:00:06,592] root - INFO - dropped Quantity <1 and >40
[2023-05-22 19:00:06,601] root - INFO - total values <1 and >30 in Quantity column is : (104469, 5)
[2023-05-22 19:00:06,651] root - INFO - dropped UnitPrice <1 and >30
[2023-05-22 19:00:06,653] root - INFO - converted UnitPrice dtype into 'int' after dropping <1 and >30 values
[2023-05-22 19:00:06,701] root - INFO -  Total 'Country' values_count less than 500 : (24,)
[2023-05-22 19:00:06,701] root - INFO - Dropping country value_counts <500
[2023-05-22 19:00:06,742] root - INFO - Dropped country value_counts <500
[2023-05-22 19:00:06,742] root - INFO - strip Description
[2023-05-22 19:00:06,906] root - INFO -  Total 'Description' values_count < 300 : 299
[2023-05-22 19:00:06,906] root - INFO - Dropping Description value_counts <300
[2023-05-22 19:00:06,952] root - INFO - after dropping some rows df shape : (403408, 5)
[2023-05-22 19:00:07,068] root - INFO - data frame :                            Description  Quantity          InvoiceDate  UnitPrice         Country
0   WHITE HANGING HEART T-LIGHT HOLDER         6  2010-12-01 08:26:00          2  United Kingdom
1                  WHITE METAL LANTERN         6  2010-12-01 08:26:00          3  United Kingdom
2       CREAM CUPID HEARTS COAT HANGER         8  2010-12-01 08:26:00          2  United Kingdom
3  KNITTED UNION FLAG HOT WATER BOTTLE         6  2010-12-01 08:26:00          3  United Kingdom
4       RED WOOLLY HOTTIE WHITE HEART.         6  2010-12-01 08:26:00          3  United Kingdom
[2023-05-22 19:00:07,076] root - INFO - dropped null values in base_df
[2023-05-22 19:00:07,076] root - INFO - dropping rows on condition in train and test data
[2023-05-22 19:00:07,085] root - INFO - total values <1 and >40 in Quantity column is : (21987, 5)
[2023-05-22 19:00:07,122] root - INFO - dropped Quantity <1 and >40
[2023-05-22 19:00:07,129] root - INFO - total values <1 and >30 in Quantity column is : (78221, 5)
[2023-05-22 19:00:07,162] root - INFO - dropped UnitPrice <1 and >30
[2023-05-22 19:00:07,164] root - INFO - converted UnitPrice dtype into 'int' after dropping <1 and >30 values
[2023-05-22 19:00:07,192] root - INFO -  Total 'Country' values_count less than 500 : (28,)
[2023-05-22 19:00:07,192] root - INFO - Dropping country value_counts <500
[2023-05-22 19:00:07,225] root - INFO - Dropped country value_counts <500
[2023-05-22 19:00:07,225] root - INFO - strip Description
[2023-05-22 19:00:07,334] root - INFO -  Total 'Description' values_count < 300 : 299
[2023-05-22 19:00:07,334] root - INFO - Dropping Description value_counts <300
[2023-05-22 19:00:07,365] root - INFO - after dropping some rows df shape : (300891, 5)
[2023-05-22 19:00:07,373] root - INFO - data frame :                       Description  Quantity          InvoiceDate  UnitPrice         Country
0      HOME SWEET HOME METAL SIGN        12  2011-04-28 10:20:00          2  United Kingdom
2  FRENCH BLUE METAL DOOR SIGN No         2  2011-11-08 15:24:00          2  United Kingdom
3           WALL ART CAT AND BIRD         2  2011-11-09 16:14:00          5  United Kingdom
5         PINK/PURPLE RETRO RADIO         2  2011-01-20 18:01:00          2  United Kingdom
6       12 DAISY PEGS IN WOOD BOX        24  2011-01-23 12:08:00          1  United Kingdom
[2023-05-22 19:00:07,381] root - INFO - total values <1 and >40 in Quantity column is : (7231, 5)
[2023-05-22 19:00:07,391] root - INFO - dropped Quantity <1 and >40
[2023-05-22 19:00:07,394] root - INFO - total values <1 and >30 in Quantity column is : (26248, 5)
[2023-05-22 19:00:07,405] root - INFO - dropped UnitPrice <1 and >30
[2023-05-22 19:00:07,406] root - INFO - converted UnitPrice dtype into 'int' after dropping <1 and >30 values
[2023-05-22 19:00:07,415] root - INFO -  Total 'Country' values_count less than 500 : (34,)
[2023-05-22 19:00:07,415] root - INFO - Dropping country value_counts <500
[2023-05-22 19:00:07,424] root - INFO - Dropped country value_counts <500
[2023-05-22 19:00:07,424] root - INFO - strip Description
[2023-05-22 19:00:07,464] root - INFO -  Total 'Description' values_count < 300 : 292
[2023-05-22 19:00:07,464] root - INFO - Dropping Description value_counts <300
[2023-05-22 19:00:07,477] root - INFO - after dropping some rows df shape : (98357, 5)
[2023-05-22 19:00:07,484] root - INFO - data frame :                            Description  Quantity          InvoiceDate  UnitPrice         Country
0    T-LIGHT HOLDER SWEETHEART HANGING         8  2011-03-16 10:17:00          1  United Kingdom
1         3D DOG PICTURE PLAYING CARDS         2  2011-03-22 12:25:00          2  United Kingdom
2  CERAMIC HEART FAIRY CAKE MONEY BANK         4  2011-10-31 10:17:00          4  United Kingdom
3          JIGSAW RABBIT AND BIRDHOUSE         1  2011-04-27 17:18:00          3  United Kingdom
4         T-LIGHT GLASS FLUTED ANTIQUE         4  2010-12-01 17:06:00          2  United Kingdom
[2023-05-22 19:00:07,486] root - INFO - dropped rows on condition in train and test df train_df .shape = (300891, 5) , test_df.shape = (98357, 5)
[2023-05-22 19:00:07,486] root - INFO - Writting reprt in yaml file
[2023-05-22 19:00:07,488] root - INFO - report written into report.yaml
[2023-05-22 19:00:07,488] root - INFO - storing validation base_df into data validation artifacts
[2023-05-22 19:00:08,196] root - INFO - storing validation train data into data validation artifacts
[2023-05-22 19:00:08,699] root - INFO - storing validation test data into data validation artifacts
[2023-05-22 19:00:08,880] root - INFO - data validation is almost done
[2023-05-22 19:00:08,880] root - INFO - returning data_validation_artifact
[2023-05-22 19:00:08,892] root - INFO - ...................Starting data transfomration ..................
[2023-05-22 19:00:08,892] root - INFO - reading data from valid_feature_store_file...
[2023-05-22 19:00:09,117] root - INFO - reading data from valid_train_file.....
[2023-05-22 19:00:09,323] root - INFO - reading data from valid_test_file.....
[2023-05-22 19:00:09,415] root - INFO - .........handling InvoiceDate column in base_df...........
[2023-05-22 19:00:09,415] root - INFO - df[InvoiceDate] dtype != datetime, converting into datetime
[2023-05-22 19:00:09,704] root - INFO - creating columns Day, Month and Year(from 2000) from InvoiceDate
[2023-05-22 19:00:09,788] root - INFO - Created new columns Day, Month and year and dropped column InvoiceDate
[2023-05-22 19:00:09,790] root - INFO - handling InvoiceDate in train and test data
[2023-05-22 19:00:09,790] root - INFO - df[InvoiceDate] dtype != datetime, converting into datetime
[2023-05-22 19:00:09,853] root - INFO - creating columns Day, Month and Year(from 2000) from InvoiceDate
[2023-05-22 19:00:09,908] root - INFO - Created new columns Day, Month and year and dropped column InvoiceDate
[2023-05-22 19:00:09,909] root - INFO - df[InvoiceDate] dtype != datetime, converting into datetime
[2023-05-22 19:00:09,934] root - INFO - creating columns Day, Month and Year(from 2000) from InvoiceDate
[2023-05-22 19:00:09,955] root - INFO - Created new columns Day, Month and year and dropped column InvoiceDate
[2023-05-22 19:00:09,955] root - INFO - handled InvoiceDate.......
