[2023-05-21 22:04:51,621] root - INFO - printing dict data : {'database_name': 'online_retail', 'collection_name': 'online_retail', 'data_ingestion_dir': '/home/vinod/projects/retail_transaction_pred/artifacts/data_ingestion', 'feature_store_path': '/home/vinod/projects/retail_transaction_pred/artifacts/data_ingestion/feature_store/Online_Retail.csv', 'train_file_path': '/home/vinod/projects/retail_transaction_pred/artifacts/data_ingestion/data_split/train.csv', 'test_file_path': '/home/vinod/projects/retail_transaction_pred/artifacts/data_ingestion/data_split/test.csv'}
[2023-05-21 22:04:51,621] root - INFO - Starting data ingestion
[2023-05-21 22:04:51,621] root - INFO - Reading data from mongoDB
[2023-05-21 22:07:44,113] root - INFO - Found data shape : (541909, 9)
[2023-05-21 22:07:44,209] root - INFO - Found _id and dropped
[2023-05-21 22:07:44,210] root - INFO - data shape : (541909, 8)
[2023-05-21 22:07:44,210] root - INFO - got data from mongodb
[2023-05-21 22:07:44,210] root - INFO - creating feature store dir
[2023-05-21 22:07:44,210] root - INFO - storing into feature store dir
[2023-05-21 22:07:45,792] root - INFO - spliting data into train and test
[2023-05-21 22:07:46,008] root - INFO - create dataset_dir if not exist
[2023-05-21 22:07:46,008] root - INFO - save dataset to feature store after split
[2023-05-21 22:07:48,313] root - INFO - data validation started :
[2023-05-21 22:07:48,313] root - INFO - ____________________dropping null values, axis=1_________________________
[2023-05-21 22:07:48,934] root - INFO - replaced na with np.NAN
[2023-05-21 22:07:48,934] root - INFO - dropping null values in base_df, axis=1
[2023-05-21 22:07:49,012] root - INFO - now shape of df : (541909, 8)
[2023-05-21 22:07:49,013] root - INFO - columns : Index(['InvoiceNo', 'StockCode', 'Description', 'Quantity', 'InvoiceDate',
       'UnitPrice', 'CustomerID', 'Country'],
      dtype='object')
[2023-05-21 22:07:49,017] root - INFO - dropped null values in base_df
[2023-05-21 22:07:49,017] root - INFO - dropping null values in train and test data,axis-1
[2023-05-21 22:07:49,443] root - INFO - now shape of df : (406431, 8)
[2023-05-21 22:07:49,444] root - INFO - columns : Index(['InvoiceNo', 'StockCode', 'Description', 'Quantity', 'InvoiceDate',
       'UnitPrice', 'CustomerID', 'Country'],
      dtype='object')
[2023-05-21 22:07:49,596] root - INFO - now shape of df : (135478, 8)
[2023-05-21 22:07:49,596] root - INFO - columns : Index(['InvoiceNo', 'StockCode', 'Description', 'Quantity', 'InvoiceDate',
       'UnitPrice', 'CustomerID', 'Country'],
      dtype='object')
[2023-05-21 22:07:49,597] root - INFO - dropped null val ues in train and test df
[2023-05-21 22:07:49,598] root - INFO - ____________________dropping null values, axis=0_________________________
[2023-05-21 22:07:49,598] root - INFO - dropping null values in base_df, axsi-0
[2023-05-21 22:07:49,718] root - INFO - now shape of df : (540455, 8)
[2023-05-21 22:07:49,718] root - INFO - columns : Index(['InvoiceNo', 'StockCode', 'Description', 'Quantity', 'InvoiceDate',
       'UnitPrice', 'CustomerID', 'Country'],
      dtype='object')
[2023-05-21 22:07:49,722] root - INFO - dropping null values in train and test df, axis-0
[2023-05-21 22:07:49,818] root - INFO - now shape of df : (405357, 8)
[2023-05-21 22:07:49,818] root - INFO - columns : Index(['InvoiceNo', 'StockCode', 'Description', 'Quantity', 'InvoiceDate',
       'UnitPrice', 'CustomerID', 'Country'],
      dtype='object')
[2023-05-21 22:07:49,858] root - INFO - now shape of df : (135098, 8)
[2023-05-21 22:07:49,858] root - INFO - columns : Index(['InvoiceNo', 'StockCode', 'Description', 'Quantity', 'InvoiceDate',
       'UnitPrice', 'CustomerID', 'Country'],
      dtype='object')
[2023-05-21 22:07:49,860] root - INFO - dropped null values, axis=0
[2023-05-21 22:07:49,860] root - INFO - ____________________dropping unwanted cols, axis=1_________________________
[2023-05-21 22:07:49,860] root - INFO - dropping null values in base_df, axsi-0
[2023-05-21 22:07:49,860] root - INFO - found unwanted columns: ['InvoiceNo', 'StockCode', 'CustomerID']
[2023-05-21 22:07:49,869] root - INFO - dropped unwanted columns: ['InvoiceNo', 'StockCode', 'CustomerID']
[2023-05-21 22:07:49,869] root - INFO - data shape: (540455, 5)
[2023-05-21 22:07:49,874] root - INFO - dropping null values in train and test df, axis-0
[2023-05-21 22:07:49,875] root - INFO - found unwanted columns: ['InvoiceNo', 'StockCode', 'CustomerID']
[2023-05-21 22:07:49,883] root - INFO - dropped unwanted columns: ['InvoiceNo', 'StockCode', 'CustomerID']
[2023-05-21 22:07:49,883] root - INFO - data shape: (405357, 5)
[2023-05-21 22:07:49,892] root - INFO - found unwanted columns: ['InvoiceNo', 'StockCode', 'CustomerID']
[2023-05-21 22:07:49,896] root - INFO - dropped unwanted columns: ['InvoiceNo', 'StockCode', 'CustomerID']
[2023-05-21 22:07:49,896] root - INFO - data shape: (135098, 5)
[2023-05-21 22:07:49,898] root - INFO - dropped unwanted cols in train and test
[2023-05-21 22:07:49,898] root - INFO - ____________________dropping rows on condition(outliers), axis=1_________________________
[2023-05-21 22:07:49,898] root - INFO - dropping rows on condition in base_df
[2023-05-21 22:07:49,902] root - INFO - total values <1 and >40 in Quantity column is : (29218, 5)
[2023-05-21 22:07:49,931] root - INFO - dropped Quantity <1 and >40
[2023-05-21 22:07:49,937] root - INFO - total values <1 and >30 in Quantity column is : (104469, 5)
[2023-05-21 22:07:49,975] root - INFO - dropped UnitPrice <1 and >30
[2023-05-21 22:07:49,976] root - INFO - converted UnitPrice dtype into 'int' after dropping <1 and >30 values
[2023-05-21 22:07:50,007] root - INFO -  Total 'Country' values_count less than 500 : 449
[2023-05-21 22:07:50,007] root - INFO - Dropping country value_counts <500
[2023-05-21 22:07:50,043] root - INFO - Dropped country value_counts <500
[2023-05-21 22:07:50,043] root - INFO - strip Description
[2023-05-21 22:07:50,142] root - INFO -  Total 'Description' values_count < 300 : 299
[2023-05-21 22:07:50,142] root - INFO - Dropping Description value_counts <300
[2023-05-21 22:07:50,180] root - INFO - after dropping some rows df shape : (403408, 5)
[2023-05-21 22:07:50,186] root - INFO - data frame :                            Description  Quantity          InvoiceDate  UnitPrice         Country
0   WHITE HANGING HEART T-LIGHT HOLDER         6  2010-12-01 08:26:00          2  United Kingdom
1                  WHITE METAL LANTERN         6  2010-12-01 08:26:00          3  United Kingdom
2       CREAM CUPID HEARTS COAT HANGER         8  2010-12-01 08:26:00          2  United Kingdom
3  KNITTED UNION FLAG HOT WATER BOTTLE         6  2010-12-01 08:26:00          3  United Kingdom
4       RED WOOLLY HOTTIE WHITE HEART.         6  2010-12-01 08:26:00          3  United Kingdom
[2023-05-21 22:07:50,190] root - INFO - dropped null values in base_df
[2023-05-21 22:07:50,190] root - INFO - dropping rows on condition in train and test data
[2023-05-21 22:07:50,194] root - INFO - total values <1 and >40 in Quantity column is : (21987, 5)
[2023-05-21 22:07:50,216] root - INFO - dropped Quantity <1 and >40
[2023-05-21 22:07:50,221] root - INFO - total values <1 and >30 in Quantity column is : (78221, 5)
[2023-05-21 22:07:50,241] root - INFO - dropped UnitPrice <1 and >30
[2023-05-21 22:07:50,243] root - INFO - converted UnitPrice dtype into 'int' after dropping <1 and >30 values
[2023-05-21 22:07:50,265] root - INFO -  Total 'Country' values_count less than 500 : 486
[2023-05-21 22:07:50,265] root - INFO - Dropping country value_counts <500
[2023-05-21 22:07:50,289] root - INFO - Dropped country value_counts <500
[2023-05-21 22:07:50,289] root - INFO - strip Description
[2023-05-21 22:07:50,369] root - INFO -  Total 'Description' values_count < 300 : 299
[2023-05-21 22:07:50,369] root - INFO - Dropping Description value_counts <300
[2023-05-21 22:07:50,391] root - INFO - after dropping some rows df shape : (300891, 5)
[2023-05-21 22:07:50,396] root - INFO - data frame :                       Description  Quantity          InvoiceDate  UnitPrice         Country
0      HOME SWEET HOME METAL SIGN        12  2011-04-28 10:20:00          2  United Kingdom
2  FRENCH BLUE METAL DOOR SIGN No         2  2011-11-08 15:24:00          2  United Kingdom
3           WALL ART CAT AND BIRD         2  2011-11-09 16:14:00          5  United Kingdom
5         PINK/PURPLE RETRO RADIO         2  2011-01-20 18:01:00          2  United Kingdom
6       12 DAISY PEGS IN WOOD BOX        24  2011-01-23 12:08:00          1  United Kingdom
[2023-05-21 22:07:50,404] root - INFO - total values <1 and >40 in Quantity column is : (7231, 5)
[2023-05-21 22:07:50,411] root - INFO - dropped Quantity <1 and >40
[2023-05-21 22:07:50,414] root - INFO - total values <1 and >30 in Quantity column is : (26248, 5)
[2023-05-21 22:07:50,421] root - INFO - dropped UnitPrice <1 and >30
[2023-05-21 22:07:50,422] root - INFO - converted UnitPrice dtype into 'int' after dropping <1 and >30 values
[2023-05-21 22:07:50,430] root - INFO -  Total 'Country' values_count less than 500 : 455
[2023-05-21 22:07:50,430] root - INFO - Dropping country value_counts <500
[2023-05-21 22:07:50,438] root - INFO - Dropped country value_counts <500
[2023-05-21 22:07:50,439] root - INFO - strip Description
[2023-05-21 22:07:50,467] root - INFO -  Total 'Description' values_count < 300 : 292
[2023-05-21 22:07:50,467] root - INFO - Dropping Description value_counts <300
[2023-05-21 22:07:50,477] root - INFO - after dropping some rows df shape : (98357, 5)
[2023-05-21 22:07:50,482] root - INFO - data frame :                            Description  Quantity          InvoiceDate  UnitPrice         Country
0    T-LIGHT HOLDER SWEETHEART HANGING         8  2011-03-16 10:17:00          1  United Kingdom
1         3D DOG PICTURE PLAYING CARDS         2  2011-03-22 12:25:00          2  United Kingdom
2  CERAMIC HEART FAIRY CAKE MONEY BANK         4  2011-10-31 10:17:00          4  United Kingdom
3          JIGSAW RABBIT AND BIRDHOUSE         1  2011-04-27 17:18:00          3  United Kingdom
4         T-LIGHT GLASS FLUTED ANTIQUE         4  2010-12-01 17:06:00          2  United Kingdom
[2023-05-21 22:07:50,483] root - INFO - dropped rows on condition in train and test df
[2023-05-21 22:07:50,483] root - INFO - Writting reprt in yaml file
[2023-05-21 22:07:50,484] root - INFO - report written into report.yaml
[2023-05-21 22:07:50,484] root - INFO - data validation is almost done
[2023-05-21 22:07:50,484] root - INFO - returning data_validation_artifact
