[2023-05-21 20:27:25,556] root - INFO - printing dict data : {'database_name': 'online_retail', 'collection_name': 'online_retail', 'data_ingestion_dir': '/home/vinod/projects/retail_transaction_pred/artifacts/data_ingestion', 'feature_store_path': '/home/vinod/projects/retail_transaction_pred/artifacts/data_ingestion/feature_store/Online_Retail.csv', 'train_file_path': '/home/vinod/projects/retail_transaction_pred/artifacts/data_ingestion/data_split/train.csv', 'test_file_path': '/home/vinod/projects/retail_transaction_pred/artifacts/data_ingestion/data_split/test.csv'}
[2023-05-21 20:27:25,556] root - INFO - Starting data ingestion
[2023-05-21 20:27:25,556] root - INFO - Reading data from mongoDB
[2023-05-21 20:31:02,980] root - INFO - Found data shape : (541909, 9)
[2023-05-21 20:31:03,074] root - INFO - Found _id and dropped
[2023-05-21 20:31:03,074] root - INFO - data shape : (541909, 8)
[2023-05-21 20:31:03,074] root - INFO - got data from mongodb
[2023-05-21 20:31:03,074] root - INFO - preparing for replace na with NAN
[2023-05-21 20:31:03,328] root - INFO - creating feature store dir
[2023-05-21 20:31:03,328] root - INFO - storing into feature store dir
[2023-05-21 20:31:05,149] root - INFO - spliting data into train and test
[2023-05-21 20:31:05,311] root - INFO - create dataset_dir if not exist
[2023-05-21 20:31:05,311] root - INFO - save dataset to feature store after split
[2023-05-21 20:31:07,448] root - INFO - data validation started :
[2023-05-21 20:31:07,448] root - INFO - ____________________dropping null values, axis=1_________________________
[2023-05-21 20:31:09,365] root - INFO - replaced na with np.NAN
[2023-05-21 20:31:09,365] root - INFO - dropping null values in base_df, axis=1
[2023-05-21 20:31:09,443] root - INFO - now shape of df : (541909, 8)
[2023-05-21 20:31:09,443] root - INFO - columns : Index(['InvoiceNo', 'StockCode', 'Description', 'Quantity', 'InvoiceDate',
       'UnitPrice', 'CustomerID', 'Country'],
      dtype='object')
[2023-05-21 20:31:09,444] root - INFO - dropped null values in base_df
[2023-05-21 20:31:09,444] root - INFO - dropping null values in train and test data,axis-1
[2023-05-21 20:31:09,868] root - INFO - now shape of df : (406431, 8)
[2023-05-21 20:31:09,868] root - INFO - columns : Index(['InvoiceNo', 'StockCode', 'Description', 'Quantity', 'InvoiceDate',
       'UnitPrice', 'CustomerID', 'Country'],
      dtype='object')
[2023-05-21 20:31:10,013] root - INFO - now shape of df : (135478, 8)
[2023-05-21 20:31:10,013] root - INFO - columns : Index(['InvoiceNo', 'StockCode', 'Description', 'Quantity', 'InvoiceDate',
       'UnitPrice', 'CustomerID', 'Country'],
      dtype='object')
[2023-05-21 20:31:10,013] root - INFO - dropped null val ues in train and test df
[2023-05-21 20:31:10,013] root - INFO - ____________________dropping null values, axis=0_________________________
[2023-05-21 20:31:10,013] root - INFO - dropping null values in base_df, axsi-0
[2023-05-21 20:31:10,135] root - INFO - now shape of df : (540455, 8)
[2023-05-21 20:31:10,136] root - INFO - columns : Index(['InvoiceNo', 'StockCode', 'Description', 'Quantity', 'InvoiceDate',
       'UnitPrice', 'CustomerID', 'Country'],
      dtype='object')
[2023-05-21 20:31:10,136] root - INFO - dropping null values in train and test df, axis-0
[2023-05-21 20:31:10,236] root - INFO - now shape of df : (405357, 8)
[2023-05-21 20:31:10,236] root - INFO - columns : Index(['InvoiceNo', 'StockCode', 'Description', 'Quantity', 'InvoiceDate',
       'UnitPrice', 'CustomerID', 'Country'],
      dtype='object')
[2023-05-21 20:31:10,269] root - INFO - now shape of df : (135098, 8)
[2023-05-21 20:31:10,270] root - INFO - columns : Index(['InvoiceNo', 'StockCode', 'Description', 'Quantity', 'InvoiceDate',
       'UnitPrice', 'CustomerID', 'Country'],
      dtype='object')
[2023-05-21 20:31:10,270] root - INFO - dropped null values, axis=0
[2023-05-21 20:31:10,270] root - INFO - ____________________dropping unwanted cols, axis=1_________________________
[2023-05-21 20:31:10,270] root - INFO - dropping null values in base_df, axsi-0
[2023-05-21 20:31:10,270] root - INFO - found unwanted columns ['InvoiceNo', 'StockCode', 'CustomerID']
[2023-05-21 20:31:10,284] root - INFO - dropped unwanted coluumns : ['InvoiceNo', 'StockCode', 'CustomerID']
[2023-05-21 20:31:10,284] root - INFO - data shape : (540455, 5)
[2023-05-21 20:31:10,284] root - INFO - dropping null values in train and test df, axis-0
[2023-05-21 20:31:10,284] root - INFO - found unwanted columns ['InvoiceNo', 'StockCode', 'CustomerID']
[2023-05-21 20:31:10,298] root - INFO - dropped unwanted coluumns : ['InvoiceNo', 'StockCode', 'CustomerID']
[2023-05-21 20:31:10,298] root - INFO - data shape : (405357, 5)
[2023-05-21 20:31:10,298] root - INFO - found unwanted columns ['InvoiceNo', 'StockCode', 'CustomerID']
[2023-05-21 20:31:10,303] root - INFO - dropped unwanted coluumns : ['InvoiceNo', 'StockCode', 'CustomerID']
[2023-05-21 20:31:10,303] root - INFO - data shape : (135098, 5)
[2023-05-21 20:31:10,303] root - INFO - dropped unwanted cols
[2023-05-21 20:31:10,303] root - INFO - ____________________dropping rows on condition(outliers), axis=1_________________________
[2023-05-21 20:31:10,303] root - INFO - dropping some rows based on some conditions
[2023-05-21 20:31:10,737] root - INFO - dropping rows on condition in base_df
[2023-05-21 20:31:10,737] root - INFO - checking quantity <1 and >40
[2023-05-21 20:31:10,743] root - INFO - total values <1 and >40 in Quantity column is : (30194, 8)
[2023-05-21 20:31:10,743] root - INFO - dropping Quantity <1 and >40
[2023-05-21 20:31:10,771] root - INFO - dropped Quantity <1 and >40
[2023-05-21 20:31:10,771] root - INFO - checking UnitPrice <1 and >30
[2023-05-21 20:31:10,779] root - INFO - total values <1 and >30 in Quantity column is : (104947, 8)
[2023-05-21 20:31:10,779] root - INFO - dropping UnitPrice <1 and >30
[2023-05-21 20:31:10,813] root - INFO - dropped UnitPrice <1 and >30
[2023-05-21 20:31:10,814] root - INFO - converted UnitPrice dtype into 'int' after dropping <1 and >30 values
[2023-05-21 20:31:10,850] root - INFO -  Total 'Country' values_count less than 500 : 449
[2023-05-21 20:31:10,850] root - INFO - Dropping country value_counts <500
[2023-05-21 20:31:10,892] root - INFO - Dropped country value_counts <500
[2023-05-21 20:31:10,892] root - INFO - strip Description
[2023-05-21 20:31:10,988] root - INFO -  Total 'Description' values_count < 300 : 299
[2023-05-21 20:31:10,988] root - INFO - Dropping Description value_counts <300
[2023-05-21 20:31:11,034] root - INFO - Dropped Description value_counts < 300
[2023-05-21 20:31:11,034] root - INFO - after dropping some rows df shape : (403408, 8)
[2023-05-21 20:31:11,040] root - INFO - data frame :   InvoiceNo StockCode                          Description  Quantity          InvoiceDate  UnitPrice  CustomerID         Country
0    536365    85123A   WHITE HANGING HEART T-LIGHT HOLDER         6  2010-12-01 08:26:00          2       17850  United Kingdom
1    536365     71053                  WHITE METAL LANTERN         6  2010-12-01 08:26:00          3       17850  United Kingdom
2    536365    84406B       CREAM CUPID HEARTS COAT HANGER         8  2010-12-01 08:26:00          2       17850  United Kingdom
3    536365    84029G  KNITTED UNION FLAG HOT WATER BOTTLE         6  2010-12-01 08:26:00          3       17850  United Kingdom
4    536365    84029E       RED WOOLLY HOTTIE WHITE HEART.         6  2010-12-01 08:26:00          3       17850  United Kingdom
[2023-05-21 20:31:11,046] root - INFO - dropped null values in base_df
[2023-05-21 20:31:11,046] root - INFO - dropping rows on condition in train and test data
[2023-05-21 20:31:11,414] root - INFO - checking quantity <1 and >40
[2023-05-21 20:31:11,420] root - INFO - total values <1 and >40 in Quantity column is : (22718, 8)
[2023-05-21 20:31:11,420] root - INFO - dropping Quantity <1 and >40
[2023-05-21 20:31:11,449] root - INFO - dropped Quantity <1 and >40
[2023-05-21 20:31:11,449] root - INFO - checking UnitPrice <1 and >30
[2023-05-21 20:31:11,457] root - INFO - total values <1 and >30 in Quantity column is : (78564, 8)
[2023-05-21 20:31:11,457] root - INFO - dropping UnitPrice <1 and >30
[2023-05-21 20:31:11,487] root - INFO - dropped UnitPrice <1 and >30
[2023-05-21 20:31:11,488] root - INFO - converted UnitPrice dtype into 'int' after dropping <1 and >30 values
[2023-05-21 20:31:11,510] root - INFO -  Total 'Country' values_count less than 500 : 486
[2023-05-21 20:31:11,510] root - INFO - Dropping country value_counts <500
[2023-05-21 20:31:11,539] root - INFO - Dropped country value_counts <500
[2023-05-21 20:31:11,539] root - INFO - strip Description
[2023-05-21 20:31:11,616] root - INFO -  Total 'Description' values_count < 300 : 299
[2023-05-21 20:31:11,616] root - INFO - Dropping Description value_counts <300
[2023-05-21 20:31:11,644] root - INFO - Dropped Description value_counts < 300
[2023-05-21 20:31:11,644] root - INFO - after dropping some rows df shape : (300891, 8)
[2023-05-21 20:31:11,650] root - INFO - data frame :   InvoiceNo StockCode                     Description  Quantity          InvoiceDate  UnitPrice  CustomerID         Country
0    551351     21164      HOME SWEET HOME METAL SIGN        12  2011-04-28 10:20:00          2       14298  United Kingdom
2    575138     22686  FRENCH BLUE METAL DOOR SIGN No         2  2011-11-08 15:24:00          2       15287  United Kingdom
3    575477     23521           WALL ART CAT AND BIRD         2  2011-11-09 16:14:00          5       15287  United Kingdom
5    541695    84086C         PINK/PURPLE RETRO RADIO         2  2011-01-20 18:01:00          2       15287  United Kingdom
6    541843     21448       12 DAISY PEGS IN WOOD BOX        24  2011-01-23 12:08:00          1       13659  United Kingdom
[2023-05-21 20:31:11,779] root - INFO - checking quantity <1 and >40
[2023-05-21 20:31:11,781] root - INFO - total values <1 and >40 in Quantity column is : (7476, 8)
[2023-05-21 20:31:11,781] root - INFO - dropping Quantity <1 and >40
[2023-05-21 20:31:11,791] root - INFO - dropped Quantity <1 and >40
[2023-05-21 20:31:11,792] root - INFO - checking UnitPrice <1 and >30
[2023-05-21 20:31:11,795] root - INFO - total values <1 and >30 in Quantity column is : (26383, 8)
[2023-05-21 20:31:11,795] root - INFO - dropping UnitPrice <1 and >30
[2023-05-21 20:31:11,805] root - INFO - dropped UnitPrice <1 and >30
[2023-05-21 20:31:11,806] root - INFO - converted UnitPrice dtype into 'int' after dropping <1 and >30 values
[2023-05-21 20:31:11,813] root - INFO -  Total 'Country' values_count less than 500 : 455
[2023-05-21 20:31:11,813] root - INFO - Dropping country value_counts <500
[2023-05-21 20:31:11,824] root - INFO - Dropped country value_counts <500
[2023-05-21 20:31:11,824] root - INFO - strip Description
[2023-05-21 20:31:11,851] root - INFO -  Total 'Description' values_count < 300 : 292
[2023-05-21 20:31:11,851] root - INFO - Dropping Description value_counts <300
[2023-05-21 20:31:11,862] root - INFO - Dropped Description value_counts < 300
[2023-05-21 20:31:11,863] root - INFO - after dropping some rows df shape : (98357, 8)
[2023-05-21 20:31:11,868] root - INFO - data frame :   InvoiceNo StockCode                          Description  Quantity          InvoiceDate  UnitPrice  CustomerID         Country
0    546688     22789    T-LIGHT HOLDER SWEETHEART HANGING         8  2011-03-16 10:17:00          1       16497  United Kingdom
1    547358    84558A         3D DOG PICTURE PLAYING CARDS         2  2011-03-22 12:25:00          2       15998  United Kingdom
2    573426     22645  CERAMIC HEART FAIRY CAKE MONEY BANK         4  2011-10-31 10:17:00          4       15287  United Kingdom
3    551339     22233          JIGSAW RABBIT AND BIRDHOUSE         1  2011-04-27 17:18:00          3       15287  United Kingdom
4    536592     22791         T-LIGHT GLASS FLUTED ANTIQUE         4  2010-12-01 17:06:00          2       15287  United Kingdom
[2023-05-21 20:31:11,869] root - INFO - dropped rows on condition in train and test df
[2023-05-21 20:31:11,870] root - INFO - Writting reprt in yaml file
[2023-05-21 20:31:11,871] root - INFO - report written into report.yaml
[2023-05-21 20:31:11,871] root - INFO - data validation is almost done
[2023-05-21 20:31:11,871] root - INFO - returning data_validation_artifact
