[2023-05-25 09:12:30,507] root - INFO - printing dict data : {'database_name': 'online_retail', 'collection_name': 'online_retail', 'data_ingestion_dir': '/home/vinod/projects/retail_transaction_pred/artifacts/data_ingestion', 'feature_store_path': '/home/vinod/projects/retail_transaction_pred/Online Retail.csv'}
[2023-05-25 09:12:30,507] root - INFO - Starting data ingestion
[2023-05-25 09:12:30,970] root - INFO - got data from mongodb
[2023-05-25 09:12:30,970] root - INFO - creating feature store dir
[2023-05-25 09:12:30,970] root - INFO - storing into feature store dir
[2023-05-25 09:12:32,301] root - INFO - data validation started........
[2023-05-25 09:12:32,719] root - INFO - dropping null values in base_df, axsi-0 and df shape is : (541909, 8)
[2023-05-25 09:12:32,921] root - INFO - now shape of df : (540455, 8)
[2023-05-25 09:12:32,921] root - INFO - columns : Index(['InvoiceNo', 'StockCode', 'Description', 'Quantity', 'InvoiceDate',
       'UnitPrice', 'CustomerID', 'Country'],
      dtype='object')
[2023-05-25 09:12:32,926] root - INFO - ____________________dropping unwanted cols, axis=1_________________________
[2023-05-25 09:12:32,926] root - INFO - dropping null values in base_df, axsi-0 and df shape is : (540455, 8)
[2023-05-25 09:12:32,926] root - INFO - found unwanted columns: ['InvoiceNo', 'StockCode', 'CustomerID']
[2023-05-25 09:12:32,935] root - INFO - dropped unwanted columns: ['InvoiceNo', 'StockCode', 'CustomerID']
[2023-05-25 09:12:32,935] root - INFO - data shape: (540455, 5)
[2023-05-25 09:12:32,941] root - INFO - ____________________dropping rows on condition(outliers), axis=1_________________________
[2023-05-25 09:12:32,941] root - INFO - dropping rows on condition in base_df and df shape is : (540455, 5)
[2023-05-25 09:12:33,269] root - INFO - dropped null values in base_df
[2023-05-25 09:12:33,269] root - INFO - Writting reprt in yaml file
[2023-05-25 09:12:33,270] root - INFO - report written into report.yaml
[2023-05-25 09:12:33,270] root - INFO - storing validation base_df into data validation artifacts
[2023-05-25 09:12:33,569] root - INFO - data validation is almost done
[2023-05-25 09:12:33,570] root - INFO - returning data_validation_artifact
[2023-05-25 09:12:33,574] root - INFO - ...................Starting data transfomration ..................
[2023-05-25 09:12:33,574] root - INFO - reading data from valid_feature_store_file...
[2023-05-25 09:12:33,685] root - INFO - handling InvoiceDate column in base_df
[2023-05-25 09:12:33,695] root - INFO - df[InvoiceDate] dtype != datetime, converting into datetime in                                 Description  Quantity          InvoiceDate  UnitPrice         Country
0        WHITE HANGING HEART T-LIGHT HOLDER         6  2010-12-01 08:26:00          2  United Kingdom
1                       WHITE METAL LANTERN         6  2010-12-01 08:26:00          3  United Kingdom
2       KNITTED UNION FLAG HOT WATER BOTTLE         6  2010-12-01 08:26:00          3  United Kingdom
3            RED WOOLLY HOTTIE WHITE HEART.         6  2010-12-01 08:26:00          3  United Kingdom
4              SET 7 BABUSHKA NESTING BOXES         2  2010-12-01 08:26:00          7  United Kingdom
...                                     ...       ...                  ...        ...             ...
202336           ALARM CLOCK BAKELIKE IVORY         4  2011-12-09 12:50:00          3          France
202337      CHILDRENS APRON SPACEBOY DESIGN         8  2011-12-09 12:50:00          1          France
202338                   SPACEBOY LUNCH BOX        12  2011-12-09 12:50:00          1          France
202339           CHILDRENS CUTLERY SPACEBOY         4  2011-12-09 12:50:00          4          France
202340         BAKING SET 9 PIECE RETROSPOT         3  2011-12-09 12:50:00          4          France

[202341 rows x 5 columns]
[2023-05-25 09:12:33,747] root - INFO - Created new columns Day, Month and year and dropped column InvoiceDate in                                 Description  Quantity  UnitPrice         Country  Day  Month  Year
0        WHITE HANGING HEART T-LIGHT HOLDER         6          2  United Kingdom    1     12    10
1                       WHITE METAL LANTERN         6          3  United Kingdom    1     12    10
2       KNITTED UNION FLAG HOT WATER BOTTLE         6          3  United Kingdom    1     12    10
3            RED WOOLLY HOTTIE WHITE HEART.         6          3  United Kingdom    1     12    10
4              SET 7 BABUSHKA NESTING BOXES         2          7  United Kingdom    1     12    10
...                                     ...       ...        ...             ...  ...    ...   ...
202336           ALARM CLOCK BAKELIKE IVORY         4          3          France    9     12    11
202337      CHILDRENS APRON SPACEBOY DESIGN         8          1          France    9     12    11
202338                   SPACEBOY LUNCH BOX        12          1          France    9     12    11
202339           CHILDRENS CUTLERY SPACEBOY         4          4          France    9     12    11
202340         BAKING SET 9 PIECE RETROSPOT         3          4          France    9     12    11

[202341 rows x 7 columns]
[2023-05-25 09:12:33,750] root - INFO - .simple imputer in base_df..
[2023-05-25 09:12:33,770] root - INFO - .........encoding objects column in base_df...........
[2023-05-25 09:12:34,267] root - INFO - .........converting column.dtypes into int in base_df...........
[2023-05-25 09:12:34,271] root - INFO -  ....... creating target columns .............
[2023-05-25 09:12:34,272] root - INFO - .......base_df shape ...(202341, 219)
[2023-05-25 09:12:34,272] root - INFO - data transformation is almost done.......
[2023-05-25 09:12:34,272] root - INFO - saving transformed data into data_transformation artifacts
[2023-05-25 09:12:37,581] root - INFO - saved transfomred base_df into data_transformation artifacts 
[2023-05-25 09:12:37,581] root - INFO - splitting data into train and test.....: 
[2023-05-25 09:12:37,789] root - INFO - base_df shape is : (202341, 219)
[2023-05-25 09:12:41,183] root - INFO - returning data transformatin artifact
[2023-05-25 09:12:41,185] root - INFO - Reading train and test data from data_transformation artifacts...
[2023-05-25 09:12:42,299] root - INFO - splitting train and test data into x_train, x_test and y_train, y_test ...
[2023-05-25 09:12:42,384] root - INFO - X_train shape is : (151755, 218)
[2023-05-25 09:12:42,384] root - INFO - x_test shape is : (50586, 218)
[2023-05-25 09:12:42,384] root - INFO - ready to fit data to model...
[2023-05-25 09:12:43,546] root - INFO - data fitted to model...
[2023-05-25 09:12:43,567] root - INFO - predicted for x_test : 0.9948257634715924
[2023-05-25 09:12:43,697] root - INFO - predicted for x_train : 1.0
[2023-05-25 09:12:43,847] root - INFO - predicted mse for x_train : 0.0
[2023-05-25 09:12:43,866] root - INFO - predicted mse for x_test : 2.0586328233107976
[2023-05-25 09:12:43,940] root - INFO - predicted for mae x_train : 0.0
[2023-05-25 09:12:43,961] root - INFO - predicted for  mae x_test : 0.025145297117779623
[2023-05-25 09:12:44,038] root - INFO - predicted rmse for x_train : 0.0
[2023-05-25 09:12:44,058] root - INFO - predicted for x_test : 1.4347936518227273
[2023-05-25 09:12:44,058] root - INFO - calculating absolute diff between r2_train_score and r2_test_score, :  0.00517423652840765
[2023-05-25 09:12:44,058] root - INFO - observing model performance whether is underfitted or overfitted...
[2023-05-25 09:12:44,058] root - INFO - save the model as a dill(pickle) file....
[2023-05-25 09:12:44,066] root - INFO - model_evaluation_artifact : ModelEvaluationArtifact(model_eccepted=True, improved_accuracy=None)
