[2023-05-25 22:23:39,163] root - INFO - printing dict data : {'database_name': 'online_retail', 'collection_name': 'online_retail', 'data_ingestion_dir': '/home/vinod/projects/retail_transaction_pred/artifacts/data_ingestion', 'feature_store_path': '/home/vinod/projects/retail_transaction_pred/Online Retail.csv'}
[2023-05-25 22:23:39,163] root - INFO - Starting data ingestion
[2023-05-25 22:23:39,859] root - INFO - got data from mongodb
[2023-05-25 22:23:39,859] root - INFO - creating feature store dir
[2023-05-25 22:23:39,859] root - INFO - storing into feature store dir
[2023-05-25 22:23:41,834] root - INFO - data validation started........
[2023-05-25 22:23:42,272] root - INFO - dropping null values in base_df, axsi-0 and df shape is : (541909, 8)
[2023-05-25 22:23:42,600] root - INFO - now shape of df : (540455, 8)
[2023-05-25 22:23:42,600] root - INFO - columns : Index(['InvoiceNo', 'StockCode', 'Description', 'Quantity', 'InvoiceDate',
       'UnitPrice', 'CustomerID', 'Country'],
      dtype='object')
[2023-05-25 22:23:42,606] root - INFO - ____________________dropping unwanted cols, axis=1_________________________
[2023-05-25 22:23:42,606] root - INFO - dropping null values in base_df, axsi-0 and df shape is : (540455, 8)
[2023-05-25 22:23:42,606] root - INFO - found unwanted columns: ['InvoiceNo', 'StockCode', 'CustomerID']
[2023-05-25 22:23:42,615] root - INFO - dropped unwanted columns: ['InvoiceNo', 'StockCode', 'CustomerID']
[2023-05-25 22:23:42,615] root - INFO - data shape: (540455, 5)
[2023-05-25 22:23:42,621] root - INFO - ____________________dropping rows on condition(outliers), axis=1_________________________
[2023-05-25 22:23:42,622] root - INFO - dropping rows on condition in base_df and df shape is : (540455, 5)
[2023-05-25 22:23:42,968] root - INFO - dropped null values in base_df
[2023-05-25 22:23:42,969] root - INFO - handling InvoiceDate column in base_df
[2023-05-25 22:23:43,021] root - INFO - df[InvoiceDate] dtype != datetime, converting into datetime in                                 Description  Quantity          InvoiceDate  UnitPrice         Country
0        WHITE HANGING HEART T-LIGHT HOLDER         6  2010-12-01 08:26:00          2  United Kingdom
1                       WHITE METAL LANTERN         6  2010-12-01 08:26:00          3  United Kingdom
3       KNITTED UNION FLAG HOT WATER BOTTLE         6  2010-12-01 08:26:00          3  United Kingdom
4            RED WOOLLY HOTTIE WHITE HEART.         6  2010-12-01 08:26:00          3  United Kingdom
5              SET 7 BABUSHKA NESTING BOXES         2  2010-12-01 08:26:00          7  United Kingdom
...                                     ...       ...                  ...        ...             ...
541900           ALARM CLOCK BAKELIKE IVORY         4  2011-12-09 12:50:00          3          France
541901      CHILDRENS APRON SPACEBOY DESIGN         8  2011-12-09 12:50:00          1          France
541902                   SPACEBOY LUNCH BOX        12  2011-12-09 12:50:00          1          France
541903           CHILDRENS CUTLERY SPACEBOY         4  2011-12-09 12:50:00          4          France
541908         BAKING SET 9 PIECE RETROSPOT         3  2011-12-09 12:50:00          4          France

[202341 rows x 5 columns]
[2023-05-25 22:23:43,585] root - INFO - Created new columns Day, Month and year and dropped column InvoiceDate in                                 Description  Quantity  UnitPrice         Country  Day  Month  Year
0        WHITE HANGING HEART T-LIGHT HOLDER         6          2  United Kingdom    1     12    10
1                       WHITE METAL LANTERN         6          3  United Kingdom    1     12    10
3       KNITTED UNION FLAG HOT WATER BOTTLE         6          3  United Kingdom    1     12    10
4            RED WOOLLY HOTTIE WHITE HEART.         6          3  United Kingdom    1     12    10
5              SET 7 BABUSHKA NESTING BOXES         2          7  United Kingdom    1     12    10
...                                     ...       ...        ...             ...  ...    ...   ...
541900           ALARM CLOCK BAKELIKE IVORY         4          3          France    9     12    11
541901      CHILDRENS APRON SPACEBOY DESIGN         8          1          France    9     12    11
541902                   SPACEBOY LUNCH BOX        12          1          France    9     12    11
541903           CHILDRENS CUTLERY SPACEBOY         4          4          France    9     12    11
541908         BAKING SET 9 PIECE RETROSPOT         3          4          France    9     12    11

[202341 rows x 7 columns]
[2023-05-25 22:23:43,588] root - INFO - Writting reprt in yaml file
[2023-05-25 22:23:43,589] root - INFO - report written into report.yaml
[2023-05-25 22:23:43,589] root - INFO - storing validation base_df into data validation artifacts
[2023-05-25 22:23:43,869] root - INFO - data validation is almost done
[2023-05-25 22:23:43,870] root - INFO - returning data_validation_artifact
[2023-05-25 22:23:43,871] root - INFO - ...................Starting data transfomration ..................
[2023-05-25 22:23:43,871] root - INFO - reading data from valid_feature_store_file...
[2023-05-25 22:23:43,951] root - INFO - .simple imputer in base_df..
[2023-05-25 22:23:43,963] root - INFO - .........encoding objects column in base_df...........
[2023-05-25 22:23:44,514] root - INFO - .........converting column.dtypes into int in base_df...........
[2023-05-25 22:23:44,633] root - INFO -  ....... creating target columns .............
[2023-05-25 22:23:44,634] root - INFO - .......base_df shape ...(202341, 121)
[2023-05-25 22:23:44,634] root - INFO - data transformation is almost done.......
[2023-05-25 22:23:44,634] root - INFO - saving transformed data into data_transformation artifacts
[2023-05-25 22:23:46,815] root - INFO - saved transfomred base_df into data_transformation artifacts 
[2023-05-25 22:23:46,815] root - INFO - splitting data into train and test.....: 
[2023-05-25 22:23:47,075] root - INFO - base_df shape is : (202341, 121)
[2023-05-25 22:23:49,222] root - INFO - returning data transformatin artifact
[2023-05-25 22:23:49,236] root - INFO - Reading train and test data from data_transformation artifacts...
[2023-05-25 22:23:49,992] root - INFO - splitting train and test data into x_train, x_test and y_train, y_test ...
[2023-05-25 22:23:50,028] root - INFO - X_train shape is : (151755, 120)
[2023-05-25 22:23:50,028] root - INFO - x_test shape is : (50586, 120)
[2023-05-25 22:23:50,028] root - INFO - ready to fit data to model...
[2023-05-25 22:23:50,785] root - INFO - data fitted to model...
[2023-05-25 22:23:50,802] root - INFO - predicted for x_test : 0.9973518669049286
[2023-05-25 22:23:50,844] root - INFO - predicted for x_train : 1.0
[2023-05-25 22:23:50,886] root - INFO - predicted mse for x_train : 0.0
[2023-05-25 22:23:50,900] root - INFO - predicted mse for x_test : 1.053591902898035
[2023-05-25 22:23:50,941] root - INFO - predicted for mae x_train : 0.0
[2023-05-25 22:23:50,956] root - INFO - predicted for  mae x_test : 0.0221602815008105
[2023-05-25 22:23:51,003] root - INFO - predicted rmse for x_train : 0.0
[2023-05-25 22:23:51,015] root - INFO - predicted for x_test : 1.0264462493954736
[2023-05-25 22:23:51,015] root - INFO - calculating absolute diff between r2_train_score and r2_test_score, :  0.002648133095071392
[2023-05-25 22:23:51,015] root - INFO - observing model performance whether is underfitted or overfitted...
[2023-05-25 22:23:51,015] root - INFO - save the model as a dill(pickle) file....
[2023-05-25 22:23:51,335] root - INFO - model_evaluation_artifact : ModelEvaluationArtifact(model_eccepted=True, improved_accuracy=None)
